[+] Fetching HTML...
[+] Extracting weather data...
--- WEATHER DATA ---
Location:           Sultan Abdul Aziz Shah-Subang
State:              Kuala Lumpur
Country:            Malaysia
Current Time:       26 Nov 2025, 15:00:06.
Latest Report:      26 Nov 2025, 14:00.
Current Temp:       33 °C
Feels Like:         38 °C
Forecast High:      31 °C
Forecast Low:       25 °C
Humidity:           56%
mysql: [Warning] Using a password on the command line interface can be insecure.
[✓] Done! Weather data inserted into tables successfully.
[+] Fetching HTML...
[+] Extracting weather data...
--- WEATHER DATA ---
Location:           Sultan Abdul Aziz Shah-Subang
State:              Kuala Lumpur
Country:            Malaysia
Current Time:       26 Nov 2025, 16:00:05.
Latest Report:      26 Nov 2025, 15:00.
Current Temp:       33 °C
Feels Like:         38 °C
Forecast High:      31 °C
Forecast Low:       25 °C
Humidity:           56%
mysql: [Warning] Using a password on the command line interface can be insecure.
[✓] Done! Weather data inserted into tables successfully.
[+] Fetching HTML...
[+] Extracting weather data...
--- WEATHER DATA ---
Location:           Sultan Abdul Aziz Shah-Subang
State:              Kuala Lumpur
Country:            Malaysia
Current Time:       26 Nov 2025, 23:00:05.
Latest Report:      26 Nov 2025, 22:00.
Current Temp:       30 °C
Feels Like:         34 °C
Forecast High:      31 °C
Forecast Low:       24 °C
Humidity:           66%
mysql: [Warning] Using a password on the command line interface can be insecure.
[✓] Done! Weather data inserted into tables successfully.
[+] Fetching HTML...
[+] Extracting weather data...
--- WEATHER DATA ---
Location:           Sultan Abdul Aziz Shah-Subang
State:              Kuala Lumpur
Country:            Malaysia
Current Time:       27 Nov 2025, 0:00:03.
Latest Report:      26 Nov 2025, 23:00.
Current Temp:       29 °C
Feels Like:         33 °C
Forecast High:      31 °C
Forecast Low:       24 °C
Humidity:           70%
mysql: [Warning] Using a password on the command line interface can be insecure.
[✓] Done! Weather data inserted into tables successfully.
[+] Fetching HTML...
[+] Extracting weather data...
--- WEATHER DATA ---
Location:           Sultan Abdul Aziz Shah-Subang
State:              Kuala Lumpur
Country:            Malaysia
Current Time:       27 Nov 2025, 1:00:03.
Latest Report:      27 Nov 2025, 0:00.
Current Temp:       29 °C
Feels Like:         34 °C
Forecast High:      32 °C
Forecast Low:       25 °C
Humidity:           74%
mysql: [Warning] Using a password on the command line interface can be insecure.
[✓] Done! Weather data inserted into tables successfully.
[+] Fetching HTML...
[+] Extracting weather data...
--- WEATHER DATA ---
Location:           Sultan Abdul Aziz Shah-Subang
State:              Kuala Lumpur
Country:            Malaysia
Current Time:       27 Nov 2025, 13:00:03.
Latest Report:      27 Nov 2025, 12:00.
Current Temp:       26 °C
Feels Like:         28 °C
Forecast High:      27 °C
Forecast Low:       24 °C
Humidity:           94%
mysql: [Warning] Using a password on the command line interface can be insecure.
[✓] Done! Weather data inserted into tables successfully.
[+] Fetching HTML...
[+] Extracting weather data...
--- WEATHER DATA ---
Location:           Sultan Abdul Aziz Shah-Subang
State:              Kuala Lumpur
Country:            Malaysia
Current Time:       27 Nov 2025, 14:00:04.
Latest Report:      27 Nov 2025, 13:00.
Current Temp:       26 °C
Feels Like:         28 °C
Forecast High:      27 °C
Forecast Low:       24 °C
Humidity:           94%
mysql: [Warning] Using a password on the command line interface can be insecure.
[✓] Done! Weather data inserted into tables successfully.
[+] Fetching HTML...
[+] Extracting weather data...
--- WEATHER DATA ---
Location:           Sultan Abdul Aziz Shah-Subang
State:              Kuala Lumpur
Country:            Malaysia
Current Time:       27 Nov 2025, 19:00:39.
Latest Report:      27 Nov 2025, 18:00.
Current Temp:       25 °C
Feels Like:         26 °C
Forecast High:      28 °C
Forecast Low:       23 °C
Humidity:           89%
mysql: [Warning] Using a password on the command line interface can be insecure.
[✓] Done! Weather data inserted into tables successfully.
[+] Fetching HTML...
[+] Extracting weather data...
--- WEATHER DATA ---
Location:           Sultan Abdul Aziz Shah-Subang
State:              Kuala Lumpur
Country:            Malaysia
Current Time:       27 Nov 2025, 19:00:39.
Latest Report:      27 Nov 2025, 18:00.
Current Temp:       25 °C
Feels Like:         26 °C
Forecast High:      28 °C
Forecast Low:       23 °C
Humidity:           89%
mysql: [Warning] Using a password on the command line interface can be insecure.
[✓] Done! Weather data inserted into tables successfully.
[+] Fetching HTML...
[+] Extracting weather data...
--- WEATHER DATA ---
Location:           Sultan Abdul Aziz Shah-Subang
State:              Kuala Lumpur
Country:            Malaysia
Current Time:       27 Nov 2025, 19:00:39.
Latest Report:      27 Nov 2025, 18:00.
Current Temp:       25 °C
Feels Like:         26 °C
Forecast High:      28 °C
Forecast Low:       23 °C
Humidity:           89%
mysql: [Warning] Using a password on the command line interface can be insecure.
[✓] Done! Weather data inserted into tables successfully.
[+] Fetching HTML...
[+] Extracting weather data...
--- WEATHER DATA ---
Location:           Sultan Abdul Aziz Shah-Subang
State:              Kuala Lumpur
Country:            Malaysia
Current Time:       28 Nov 2025, 0:00:30.
Latest Report:      27 Nov 2025, 23:00.
Current Temp:       24 °C
Feels Like:         23 °C
Forecast High:      28 °C
Forecast Low:       23 °C
Humidity:           94%
mysql: [Warning] Using a password on the command line interface can be insecure.
[✓] Done! Weather data inserted into tables successfully.
[+] Fetching HTML...
[+] Extracting weather data...
--- WEATHER DATA ---
Location:           Sultan Abdul Aziz Shah-Subang
State:              Kuala Lumpur
Country:            Malaysia
Current Time:       30 Nov 2025, 2:00:01.
Latest Report:      30 Nov 2025, 1:00.
Current Temp:       25 °C
Feels Like:         26 °C
Forecast High:      34 °C
Forecast Low:       25 °C
Humidity:           89%
mysql: [Warning] Using a password on the command line interface can be insecure.
[✓] Done! Weather data inserted into tables successfully.
[+] Fetching HTML...
[+] Extracting weather data...
--- WEATHER DATA ---
Location:           Sultan Abdul Aziz Shah-Subang
State:              Kuala Lumpur
Country:            Malaysia
Current Time:       01 Dis 2025, 13:00:01.
Latest Report:      01 Dis 2025, 12:00.
Current Temp:       32 °C
Feels Like:         35 °C
Forecast High:      34 °C
Forecast Low:       25 °C
Humidity:           52%
date: invalid date '01 Dis 2025 13:00:01'
date: invalid date '01 Dis 2025 12:00'
mysql: [Warning] Using a password on the command line interface can be insecure.
ERROR 1292 (22007) at line 21: Incorrect datetime value: '' for column 'observation_time' at row 1
[✗] Failed to insert weather data.
[+] Fetching HTML...
[+] Extracting weather data...
--- WEATHER DATA ---
Location:           Sultan Abdul Aziz Shah-Subang
State:              Kuala Lumpur
Country:            Malaysia
Current Time:       01 Dis 2025, 16:00:00.
Latest Report:      01 Dis 2025, 15:00.
Current Temp:       34 °C
Feels Like:         37 °C
Forecast High:      34 °C
Forecast Low:       25 °C
Humidity:           47%
mysql: [Warning] Using a password on the command line interface can be insecure.
[✓] Done! Weather data inserted into tables successfully.
[+] Fetching HTML...
[+] Extracting weather data...
--- WEATHER DATA ---
Location:           Sultan Abdul Aziz Shah-Subang
State:              Kuala Lumpur
Country:            Malaysia
Current Time:       01 Dis 2025, 16:00:00.
Latest Report:      01 Dis 2025, 15:00.
Current Temp:       34 °C
Feels Like:         37 °C
Forecast High:      34 °C
Forecast Low:       25 °C
Humidity:           47%
mysql: [Warning] Using a password on the command line interface can be insecure.
[✓] Done! Weather data inserted into tables successfully.
[+] Fetching HTML...
[+] Extracting weather data...
--- WEATHER DATA ---
Location:           Sultan Abdul Aziz Shah-Subang
State:              Kuala Lumpur
Country:            Malaysia
Current Time:       01 Dis 2025, 23:00:02.
Latest Report:      01 Dis 2025, 22:00.
Current Temp:       28 °C
Feels Like:         32 °C
Forecast High:      34 °C
Forecast Low:       25 °C
Humidity:           79%
mysql: [Warning] Using a password on the command line interface can be insecure.
[✓] Done! Weather data inserted into tables successfully.
[+] Fetching HTML...
[+] Extracting weather data...
--- WEATHER DATA ---
Location:           Sultan Abdul Aziz Shah-Subang
State:              Kuala Lumpur
Country:            Malaysia
Current Time:       02 Dis 2025, 0:00:02.
Latest Report:      01 Dis 2025, 23:00.
Current Temp:       28 °C
Feels Like:         32 °C
Forecast High:      34 °C
Forecast Low:       25 °C
Humidity:           79%
mysql: [Warning] Using a password on the command line interface can be insecure.
[✓] Done! Weather data inserted into tables successfully.
[+] Fetching HTML...
[+] Extracting weather data...
--- WEATHER DATA ---
Location:           Sultan Abdul Aziz Shah-Subang
State:              Kuala Lumpur
Country:            Malaysia
Current Time:       02 Dis 2025, 1:00:15.
Latest Report:      02 Dis 2025, 0:00.
Current Temp:       27 °C
Feels Like:         30 °C
Forecast High:      34 °C
Forecast Low:       25 °C
Humidity:           84%
mysql: [Warning] Using a password on the command line interface can be insecure.
[✓] Done! Weather data inserted into tables successfully.
[+] Fetching HTML...
[+] Extracting weather data...
--- WEATHER DATA ---
Location:           Sultan Abdul Aziz Shah-Subang
State:              Kuala Lumpur
Country:            Malaysia
Current Time:       02 Dis 2025, 7:00:06.
Latest Report:      02 Dis 2025, 6:00.
Current Temp:       25 °C
Feels Like:         26 °C
Forecast High:      34 °C
Forecast Low:       24 °C
Humidity:           89%
mysql: [Warning] Using a password on the command line interface can be insecure.
[✓] Done! Weather data inserted into tables successfully.
[+] Fetching HTML...
[+] Extracting weather data...
--- WEATHER DATA ---
Location:           Sultan Abdul Aziz Shah-Subang
State:              Kuala Lumpur
Country:            Malaysia
Current Time:       02 Dis 2025, 10:00:02.
Latest Report:      02 Dis 2025, 9:00.
Current Temp:       27 °C
Feels Like:         30 °C
Forecast High:      34 °C
Forecast Low:       24 °C
Humidity:           84%
mysql: [Warning] Using a password on the command line interface can be insecure.
[✓] Done! Weather data inserted into tables successfully.
[+] Fetching HTML...
[+] Extracting weather data...
--- WEATHER DATA ---
Location:           Sultan Abdul Aziz Shah-Subang
State:              Kuala Lumpur
Country:            Malaysia
Current Time:       02 Dis 2025, 11:00:02.
Latest Report:      02 Dis 2025, 10:00.
Current Temp:       30 °C
Feels Like:         35 °C
Forecast High:      34 °C
Forecast Low:       24 °C
Humidity:           70%
mysql: [Warning] Using a password on the command line interface can be insecure.
[✓] Done! Weather data inserted into tables successfully.
[+] Fetching HTML...
[+] Extracting weather data...
--- WEATHER DATA ---
Location:           Sultan Abdul Aziz Shah-Subang
State:              Kuala Lumpur
Country:            Malaysia
Current Time:       02 Dis 2025, 12:00:02.
Latest Report:      02 Dis 2025, 11:00.
Current Temp:       30 °C
Feels Like:         34 °C
Forecast High:      34 °C
Forecast Low:       24 °C
Humidity:           66%
mysql: [Warning] Using a password on the command line interface can be insecure.
[✓] Done! Weather data inserted into tables successfully.
[+] Fetching HTML...
[+] Extracting weather data...
--- WEATHER DATA ---
Location:           Sultan Abdul Aziz Shah-Subang
State:              Kuala Lumpur
Country:            Malaysia
Current Time:       02 Dis 2025, 15:00:01.
Latest Report:      02 Dis 2025, 14:00.
Current Temp:       33 °C
Feels Like:         38 °C
Forecast High:      32 °C
Forecast Low:       24 °C
Humidity:           56%
mysql: [Warning] Using a password on the command line interface can be insecure.
[✓] Done! Weather data inserted into tables successfully.
[+] Fetching HTML...
[+] Extracting weather data...
--- WEATHER DATA ---
Location:           Sultan Abdul Aziz Shah-Subang
State:              Kuala Lumpur
Country:            Malaysia
Current Time:       03 Dis 2025, 13:00:01.
Latest Report:      03 Dis 2025, 12:00.
Current Temp:       31 °C
Feels Like:         37 °C
Forecast High:      31 °C
Forecast Low:       24 °C
Humidity:           66%
mysql: [Warning] Using a password on the command line interface can be insecure.
[✓] Done! Weather data inserted into tables successfully.
[+] Fetching HTML...
[+] Extracting weather data...
--- WEATHER DATA ---
Location:           Sultan Abdul Aziz Shah-Subang
State:              Kuala Lumpur
Country:            Malaysia
Current Time:       03 Dis 2025, 14:01:01.
Latest Report:      03 Dis 2025, 13:00.
Current Temp:       33 °C
Feels Like:         39 °C
Forecast High:      31 °C
Forecast Low:       24 °C
Humidity:           59%
mysql: [Warning] Using a password on the command line interface can be insecure.
[✓] Done! Weather data inserted into tables successfully.
[+] Fetching HTML...
[+] Extracting weather data...
--- WEATHER DATA ---
Location:           Sultan Abdul Aziz Shah-Subang
State:              Kuala Lumpur
Country:            Malaysia
Current Time:       03 Dis 2025, 16:00:02.
Latest Report:      03 Dis 2025, 15:00.
Current Temp:       32 °C
Feels Like:         38 °C
Forecast High:      31 °C
Forecast Low:       24 °C
Humidity:           63%
mysql: [Warning] Using a password on the command line interface can be insecure.
[✓] Done! Weather data inserted into tables successfully.
[+] Fetching HTML...
[+] Extracting weather data...
--- WEATHER DATA ---
Location:           Sultan Abdul Aziz Shah-Subang
State:              Kuala Lumpur
Country:            Malaysia
Current Time:       03 Dis 2025, 18:00:02.
Latest Report:      03 Dis 2025, 17:00.
Current Temp:       30 °C
Feels Like:         34 °C
Forecast High:      31 °C
Forecast Low:       24 °C
Humidity:           66%
mysql: [Warning] Using a password on the command line interface can be insecure.
[✓] Done! Weather data inserted into tables successfully.
[+] Fetching HTML...
[+] Extracting weather data...
--- WEATHER DATA ---
Location:           Sultan Abdul Aziz Shah-Subang
State:              Kuala Lumpur
Country:            Malaysia
Current Time:       03 Dis 2025, 19:00:02.
Latest Report:      03 Dis 2025, 18:00.
Current Temp:       29 °C
Feels Like:         34 °C
Forecast High:      30 °C
Forecast Low:       25 °C
Humidity:           74%
mysql: [Warning] Using a password on the command line interface can be insecure.
[✓] Done! Weather data inserted into tables successfully.
[+] Fetching HTML...
[+] Extracting weather data...
--- WEATHER DATA ---
Location:           Sultan Abdul Aziz Shah-Subang
State:              Kuala Lumpur
Country:            Malaysia
Current Time:       03 Dis 2025, 20:00:01.
Latest Report:      03 Dis 2025, 19:30.
Current Temp:       27 °C
Feels Like:         31 °C
Forecast High:      30 °C
Forecast Low:       25 °C
Humidity:           89%
mysql: [Warning] Using a password on the command line interface can be insecure.
[✓] Done! Weather data inserted into tables successfully.
[+] Fetching HTML...
[+] Extracting weather data...
--- WEATHER DATA ---
Location:           Sultan Abdul Aziz Shah-Subang
State:              Kuala Lumpur
Country:            Malaysia
Current Time:       08 Dis 2025, 15:00:00.
Latest Report:      08 Dis 2025, 14:00.
Current Temp:       32 °C
Feels Like:         36 °C
Forecast High:      31 °C
Forecast Low:       23 °C
Humidity:           55%
mysql: [Warning] Using a password on the command line interface can be insecure.
[✓] Done! Weather data inserted into tables successfully.
[+] Fetching HTML...
[+] Extracting weather data...
--- WEATHER DATA ---
Location:           Sultan Abdul Aziz Shah-Subang
State:              Kuala Lumpur
Country:            Malaysia
Current Time:       08 Dis 2025, 23:00:04.
Latest Report:      08 Dis 2025, 22:00.
Current Temp:       27 °C
Feels Like:         30 °C
Forecast High:      31 °C
Forecast Low:       24 °C
Humidity:           79%
mysql: [Warning] Using a password on the command line interface can be insecure.
[✓] Done! Weather data inserted into tables successfully.
[+] Fetching HTML...
[+] Extracting weather data...
--- WEATHER DATA ---
Location:           Sultan Abdul Aziz Shah-Subang
State:              Kuala Lumpur
Country:            Malaysia
Current Time:       09 Dis 2025, 11:00:00.
Latest Report:      09 Dis 2025, 10:00.
Current Temp:       29 °C
Feels Like:         31 °C
Forecast High:      31 °C
Forecast Low:       23 °C
Humidity:           58%
mysql: [Warning] Using a password on the command line interface can be insecure.
[✓] Done! Weather data inserted into tables successfully.
[+] Fetching HTML...
[+] Extracting weather data...
--- WEATHER DATA ---
Location:           Sultan Abdul Aziz Shah-Subang
State:              Kuala Lumpur
Country:            Malaysia
Current Time:       09 Dis 2025, 13:00:01.
Latest Report:      09 Dis 2025, 12:00.
Current Temp:       30 °C
Feels Like:         32 °C
Forecast High:      32 °C
Forecast Low:       23 °C
Humidity:           55%
mysql: [Warning] Using a password on the command line interface can be insecure.
[✓] Done! Weather data inserted into tables successfully.
[+] Fetching HTML...
[+] Extracting weather data...
--- WEATHER DATA ---
Location:           Sultan Abdul Aziz Shah-Subang
State:              Kuala Lumpur
Country:            Malaysia
Current Time:       09 Dis 2025, 16:00:00.
Latest Report:      09 Dis 2025, 15:00.
Current Temp:       32 °C
Feels Like:         34 °C
Forecast High:      32 °C
Forecast Low:       23 °C
Humidity:           49%
mysql: [Warning] Using a password on the command line interface can be insecure.
[✓] Done! Weather data inserted into tables successfully.
[+] Fetching HTML...
[+] Extracting weather data...
--- WEATHER DATA ---
Location:           Sultan Abdul Aziz Shah-Subang
State:              Kuala Lumpur
Country:            Malaysia
Current Time:       09 Dis 2025, 17:00:00.
Latest Report:      09 Dis 2025, 16:00.
Current Temp:       31 °C
Feels Like:         34 °C
Forecast High:      32 °C
Forecast Low:       23 °C
Humidity:           55%
mysql: [Warning] Using a password on the command line interface can be insecure.
[✓] Done! Weather data inserted into tables successfully.
[+] Fetching HTML...
[+] Extracting weather data...
--- WEATHER DATA ---
Location:           Sultan Abdul Aziz Shah-Subang
State:              Kuala Lumpur
Country:            Malaysia
Current Time:       09 Dis 2025, 19:00:00.
Latest Report:      09 Dis 2025, 18:00.
Current Temp:       30 °C
Feels Like:         32 °C
Forecast High:      31 °C
Forecast Low:       23 °C
Humidity:           55%
mysql: [Warning] Using a password on the command line interface can be insecure.
[✓] Done! Weather data inserted into tables successfully.
[+] Fetching HTML...
[+] Extracting weather data...
--- WEATHER DATA ---
Location:           Sultan Abdul Aziz Shah-Subang
State:              Kuala Lumpur
Country:            Malaysia
Current Time:       09 Dis 2025, 22:00:01.
Latest Report:      09 Dis 2025, 21:00.
Current Temp:       28 °C
Feels Like:         32 °C
Forecast High:      31 °C
Forecast Low:       23 °C
Humidity:           79%
allexport      	on
braceexpand    	on
emacs          	off
errexit        	off
errtrace       	off
functrace      	off
hashall        	on
histexpand     	off
history        	off
ignoreeof      	off
interactive-comments	on
keyword        	off
monitor        	off
noclobber      	off
noexec         	off
noglob         	off
nolog          	off
notify         	off
nounset        	off
onecmd         	off
physical       	off
pipefail       	off
posix          	off
privileged     	off
verbose        	off
vi             	off
xtrace         	off
NiNoFan28
mysql: [Warning] Using a password on the command line interface can be insecure.
ERROR 1045 (28000): Access denied for user 'root
'@'localhost' (using password: YES)
[✗] Failed to insert weather data.
[+] Fetching HTML...
[+] Extracting weather data...
--- WEATHER DATA ---
Location:           Sultan Abdul Aziz Shah-Subang
State:              Kuala Lumpur
Country:            Malaysia
Current Time:       10 Dis 2025, 14:00:02.
Latest Report:      10 Dis 2025, 13:00.
Current Temp:       32 °C
Feels Like:         34 °C
Forecast High:      32 °C
Forecast Low:       23 °C
Humidity:           49%
mysql: [Warning] Using a password on the command line interface can be insecure.
[✓] Done! Weather data inserted into tables successfully.
[+] Fetching HTML...
[+] Extracting weather data...
--- WEATHER DATA ---
Location:           Sultan Abdul Aziz Shah-Subang
State:              Kuala Lumpur
Country:            Malaysia
Current Time:       10 Dis 2025, 15:00:02.
Latest Report:      10 Dis 2025, 14:00.
Current Temp:       30 °C
Feels Like:         35 °C
Forecast High:      32 °C
Forecast Low:       23 °C
Humidity:           70%
mysql: [Warning] Using a password on the command line interface can be insecure.
[✓] Done! Weather data inserted into tables successfully.
[+] Fetching HTML...
[+] Extracting weather data...
--- WEATHER DATA ---
Location:           Sultan Abdul Aziz Shah-Subang
State:              Kuala Lumpur
Country:            Malaysia
Current Time:       10 Dis 2025, 21:00:02.
Latest Report:      10 Dis 2025, 20:00.
Current Temp:       29 °C
Feels Like:         33 °C
Forecast High:      32 °C
Forecast Low:       24 °C
Humidity:           70%
ERROR 1045 (28000): Access denied for user 'root'@'localhost' (using password: YES)
[✗] Failed to insert weather data.
[✓] Temporary MySQL configuration file deleted.
[+] Fetching HTML...
[+] Extracting weather data...
--- WEATHER DATA ---
Location:           Sultan Abdul Aziz Shah-Subang
State:              Kuala Lumpur
Country:            Malaysia
Current Time:       11 Dis 2025, 14:00:01.
Latest Report:      11 Dis 2025, 13:00.
Current Temp:       29 °C
Feels Like:         34 °C
Forecast High:      32 °C
Forecast Low:       25 °C
Humidity:           74%
ERROR 1045 (28000): Access denied for user 'root'@'localhost' (using password: YES)
[✗] Failed to insert weather data.
[✓] Temporary MySQL configuration file deleted.
[+] Fetching HTML...
[+] Extracting weather data...
--- WEATHER DATA ---
Location:           Sultan Abdul Aziz Shah-Subang
State:              Kuala Lumpur
Country:            Malaysia
Current Time:       11 Dis 2025, 15:00:01.
Latest Report:      11 Dis 2025, 14:00.
Current Temp:       30 °C
Feels Like:         35 °C
Forecast High:      32 °C
Forecast Low:       25 °C
Humidity:           70%
[✓] Done! Weather data inserted into tables successfully.
[✓] Temporary MySQL configuration file deleted.
[+] Fetching HTML...
[+] Extracting weather data...
--- WEATHER DATA ---
Location:           Sultan Abdul Aziz Shah-Subang
State:              Kuala Lumpur
Country:            Malaysia
Current Time:       11 Dis 2025, 16:00:02.
Latest Report:      11 Dis 2025, 15:00.
Current Temp:       32 °C
Feels Like:         37 °C
Forecast High:      32 °C
Forecast Low:       25 °C
Humidity:           59%
[✓] Done! Weather data inserted into tables successfully.
[✓] Temporary MySQL configuration file deleted.
[!] ERROR: DB_PASSWORD environment variable is not set.
Please source your .env file.

testing

/bin/sh: 1: source: not found
/bin/sh: 1: .: cannot open $PROJECT_ROOT/../.env: No such file
[!] ERROR: DB_PASSWORD environment variable is not set.
Please source your .env file.

test[+] Fetching HTML...
[+] Extracting weather data...
--- WEATHER DATA ---
Location:           Sultan Abdul Aziz Shah-Subang
State:              Kuala Lumpur
Country:            Malaysia
Current Time:       11 Dis 2025, 22:00:04.
Latest Report:      11 Dis 2025, 21:00.
Current Temp:       28 °C
Feels Like:         33 °C
Forecast High:      33 °C
Forecast Low:       25 °C
Humidity:           84%
[✓] Done! Weather data inserted into tables successfully.
[✓] Temporary MySQL configuration file deleted.
[+] Fetching HTML...
[+] Extracting weather data...
--- WEATHER DATA ---
Location:           Sultan Abdul Aziz Shah-Subang
State:              Kuala Lumpur
Country:            Malaysia
Current Time:       12 Dis 2025, 12:00:06.
Latest Report:      12 Dis 2025, 11:00.
Current Temp:       31 °C
Feels Like:         35 °C
Forecast High:      30 °C
Forecast Low:       24 °C
Humidity:           59%
[✓] Done! Weather data inserted into tables successfully.
[✓] Temporary MySQL configuration file deleted.
[+] Extracting weather data...
--- WEATHER DATA ---
Location:           Sultan Abdul Aziz Shah-Subang
State:              Kuala Lumpur
Country:            Malaysia
Current Time:       12 Dis 2025, 13:00:05.
Latest Report:      12 Dis 2025, 12:00.
Current Temp:       33
Feels Like:         37
Forecast High:      30
Forecast Low:       24
Humidity:           52%
[✓] Weather data inserted successfully.
[✓] Temporary MySQL config deleted.
[!] Retry 1/3...
[!] Retry 2/3...
[!] Retry 3/3...
[+] Extracting weather data...
--- WEATHER DATA ---
Location:           Sultan Abdul Aziz Shah-Subang
State:              Kuala Lumpur
Country:            Malaysia
Current Time:       12 Dis 2025, 19:39:56.
Latest Report:      12 Dis 2025, 19:00.
Current Temp:       25
Feels Like:         26
Forecast High:      30
Forecast Low:       24
Humidity:           94%
[✓] Weather data inserted successfully.
[✓] Temporary MySQL config deleted.
[!] Retry 1/3...
[!] Retry 2/3...
[!] Retry 3/3...
[+] Extracting weather data...
--- WEATHER DATA ---
Location:           Sultan Abdul Aziz Shah-Subang
State:              Kuala Lumpur
Country:            Malaysia
Current Time:       12 Dis 2025, 19:39:56.
Latest Report:      12 Dis 2025, 19:00.
Current Temp:       25
Feels Like:         26
Forecast High:      30
Forecast Low:       24
Humidity:           94%
[✓] Weather data inserted successfully.
[✓] Temporary MySQL config deleted.
[+] Extracting weather data...
--- WEATHER DATA ---
Location:           Sultan Abdul Aziz Shah-Subang
State:              Kuala Lumpur
Country:            Malaysia
Current Time:       13 Dis 2025, 12:00:02.
Latest Report:      13 Dis 2025, 11:00.
Current Temp:       27
Feels Like:         30
Forecast High:      30
Forecast Low:       23
Humidity:           84%
[✓] Weather data inserted successfully.
[✓] Temporary MySQL config deleted.
[+] Extracting weather data...
--- WEATHER DATA ---
Location:           Sultan Abdul Aziz Shah-Subang
State:              Kuala Lumpur
Country:            Malaysia
Current Time:       13 Dis 2025, 13:00:02.
Latest Report:      13 Dis 2025, 12:00.
Current Temp:       29
Feels Like:         34
Forecast High:      31
Forecast Low:       24
Humidity:           74%
[✓] Weather data inserted successfully.
[✓] Temporary MySQL config deleted.
[+] Extracting weather data...
--- WEATHER DATA ---
Location:           Sultan Abdul Aziz Shah-Subang
State:              Kuala Lumpur
Country:            Malaysia
Current Time:       13 Dis 2025, 14:00:01.
Latest Report:      13 Dis 2025, 13:00.
Current Temp:       31
Feels Like:         35
Forecast High:      31
Forecast Low:       24
Humidity:           62%
[✓] Weather data inserted successfully.
[✓] Temporary MySQL config deleted.
[+] Extracting weather data...
--- WEATHER DATA ---
Location:           Sultan Abdul Aziz Shah-Subang
State:              Kuala Lumpur
Country:            Malaysia
Current Time:       13 Dis 2025, 15:00:02.
Latest Report:      13 Dis 2025, 14:00.
Current Temp:       32
Feels Like:         37
Forecast High:      31
Forecast Low:       24
Humidity:           59%
[✓] Weather data inserted successfully.
[✓] Temporary MySQL config deleted.
[+] Extracting weather data...
--- WEATHER DATA ---
Location:           Sultan Abdul Aziz Shah-Subang
State:              Kuala Lumpur
Country:            Malaysia
Current Time:       13 Dis 2025, 16:00:02.
Latest Report:      13 Dis 2025, 15:00.
Current Temp:       32
Feels Like:         37
Forecast High:      31
Forecast Low:       24
Humidity:           59%
[✓] Weather data inserted successfully.
[✓] Temporary MySQL config deleted.
[+] Extracting weather data...
--- WEATHER DATA ---
Location:           Sultan Abdul Aziz Shah-Subang
State:              Kuala Lumpur
Country:            Malaysia
Current Time:       13 Dis 2025, 19:00:02.
Latest Report:      13 Dis 2025, 18:00.
Current Temp:       25
Feels Like:         26
Forecast High:      30
Forecast Low:       23
Humidity:           89%
[✓] Weather data inserted successfully.
[✓] Temporary MySQL config deleted.
[+] Extracting weather data...
--- WEATHER DATA ---
Location:           Sultan Abdul Aziz Shah-Subang
State:              Kuala Lumpur
Country:            Malaysia
Current Time:       13 Dis 2025, 20:00:01.
Latest Report:      13 Dis 2025, 19:00.
Current Temp:       25
Feels Like:         26
Forecast High:      30
Forecast Low:       23
Humidity:           94%
[✓] Weather data inserted successfully.
[✓] Temporary MySQL config deleted.
[+] Extracting weather data...
--- WEATHER DATA ---
Location:           Sultan Abdul Aziz Shah-Subang
State:              Kuala Lumpur
Country:            Malaysia
Current Time:       13 Dis 2025, 21:00:02.
Latest Report:      13 Dis 2025, 20:31.
Current Temp:       25
Feels Like:         26
Forecast High:      30
Forecast Low:       23
Humidity:           89%
[✓] Weather data inserted successfully.
[✓] Temporary MySQL config deleted.
[+] Extracting weather data...
--- WEATHER DATA ---
Location:           Sultan Abdul Aziz Shah-Subang
State:              Kuala Lumpur
Country:            Malaysia
Current Time:       13 Dis 2025, 23:00:03.
Latest Report:      13 Dis 2025, 22:00.
Current Temp:       25
Feels Like:         26
Forecast High:      30
Forecast Low:       23
Humidity:           94%
[✓] Weather data inserted successfully.
[✓] Temporary MySQL config deleted.
[+] Extracting weather data...
--- WEATHER DATA ---
Location:           Sultan Abdul Aziz Shah-Subang
State:              Kuala Lumpur
Country:            Malaysia
Current Time:       14 Dis 2025, 0:00:03.
Latest Report:      13 Dis 2025, 23:00.
Current Temp:       25
Feels Like:         26
Forecast High:      30
Forecast Low:       23
Humidity:           94%
[✓] Weather data inserted successfully.
[✓] Temporary MySQL config deleted.
[+] Extracting weather data...
--- WEATHER DATA ---
Location:           Sultan Abdul Aziz Shah-Subang
State:              Kuala Lumpur
Country:            Malaysia
Current Time:       14 Dis 2025, 1:00:03.
Latest Report:      14 Dis 2025, 0:00.
Current Temp:       25
Feels Like:         26
Forecast High:      29
Forecast Low:       24
Humidity:           94%
[✓] Weather data inserted successfully.
[✓] Temporary MySQL config deleted.
[+] Extracting weather data...
--- WEATHER DATA ---
Location:           Sultan Abdul Aziz Shah-Subang
State:              Kuala Lumpur
Country:            Malaysia
Current Time:       14 Dis 2025, 2:00:03.
Latest Report:      14 Dis 2025, 1:00.
Current Temp:       25
Feels Like:         26
Forecast High:      29
Forecast Low:       24
Humidity:           94%
[✓] Weather data inserted successfully.
[✓] Temporary MySQL config deleted.
