[+] Generating 10 weather plots...
Project Root: /mnt/c/Users/User/OneDrive/Desktop/dataManagement/sem1Project/weatherAnalysis
Plots Dir: /mnt/c/Users/User/OneDrive/Desktop/dataManagement/sem1Project/weatherAnalysis/plots
Data Dir: /mnt/c/Users/User/OneDrive/Desktop/dataManagement/sem1Project/weatherAnalysis/data/logs/plot-data-files
  Generating Plot 1: Current Temp vs Time...
mysql: [Warning] Using a password on the command line interface can be insecure.
 Data sample:
2025-11-25 15:56:34	29
2025-11-25 16:00:03	29
2025-11-25 17:00:03	27
  Generating Plot 2: Current vs Feels Like...
mysql: [Warning] Using a password on the command line interface can be insecure.
Generating Plot 3: Humidity & Temp Over Time...
mysql: [Warning] Using a password on the command line interface can be insecure.
  Generating Plot 4: Humidity vs Time...
mysql: [Warning] Using a password on the command line interface can be insecure.
  Generating Plot 5: Temperature Histogram...
mysql: [Warning] Using a password on the command line interface can be insecure.
  Generating Plot 6: Scraping Success...
mysql: [Warning] Using a password on the command line interface can be insecure.
  Generating Plot 7: Daily Temp Range (Lines)...
mysql: [Warning] Using a password on the command line interface can be insecure.
  Generating Plot 8: Data Collection Density ...
mysql: [Warning] Using a password on the command line interface can be insecure.
  Generating Plot 9: High vs Low vs Feels Like...
mysql: [Warning] Using a password on the command line interface can be insecure.
  Generating Plot 10: Weather Classification...
mysql: [Warning] Using a password on the command line interface can be insecure.
[✓] All 10 plots generated in /mnt/c/Users/User/OneDrive/Desktop/dataManagement/sem1Project/weatherAnalysis/plots
[✓] Data files saved in /mnt/c/Users/User/OneDrive/Desktop/dataManagement/sem1Project/weatherAnalysis/data/logs/plot-data-files
[+] Generating 10 weather plots...
Project Root: /mnt/c/Users/User/OneDrive/Desktop/dataManagement/sem1Project/weatherAnalysis
Plots Dir: /mnt/c/Users/User/OneDrive/Desktop/dataManagement/sem1Project/weatherAnalysis/plots
Data Dir: /mnt/c/Users/User/OneDrive/Desktop/dataManagement/sem1Project/weatherAnalysis/data/logs/plot-data-files
  Generating Plot 1: Current Temp vs Time...
mysql: [Warning] Using a password on the command line interface can be insecure.
 Data sample:
2025-11-25 15:56:34	29
2025-11-25 16:00:03	29
2025-11-25 17:00:03	27
  Generating Plot 2: Current vs Feels Like...
mysql: [Warning] Using a password on the command line interface can be insecure.
Generating Plot 3: Humidity & Temp Over Time...
mysql: [Warning] Using a password on the command line interface can be insecure.
  Generating Plot 4: Humidity vs Time...
mysql: [Warning] Using a password on the command line interface can be insecure.
  Generating Plot 5: Temperature Histogram...
mysql: [Warning] Using a password on the command line interface can be insecure.
  Generating Plot 6: Scraping Success...
mysql: [Warning] Using a password on the command line interface can be insecure.
  Generating Plot 7: Daily Temp Range (Lines)...
mysql: [Warning] Using a password on the command line interface can be insecure.
  Generating Plot 8: Data Collection Density ...
mysql: [Warning] Using a password on the command line interface can be insecure.
  Generating Plot 9: High vs Low vs Feels Like...
mysql: [Warning] Using a password on the command line interface can be insecure.
  Generating Plot 10: Weather Classification...
mysql: [Warning] Using a password on the command line interface can be insecure.
[✓] All 10 plots generated in /mnt/c/Users/User/OneDrive/Desktop/dataManagement/sem1Project/weatherAnalysis/plots
[✓] Data files saved in /mnt/c/Users/User/OneDrive/Desktop/dataManagement/sem1Project/weatherAnalysis/data/logs/plot-data-files
[+] Generating 10 weather plots...
Project Root: /mnt/c/Users/User/OneDrive/Desktop/dataManagement/sem1Project/weatherAnalysis
Plots Dir: /mnt/c/Users/User/OneDrive/Desktop/dataManagement/sem1Project/weatherAnalysis/plots
Data Dir: /mnt/c/Users/User/OneDrive/Desktop/dataManagement/sem1Project/weatherAnalysis/data/logs/plot-data-files
  Generating Plot 1: Current Temp vs Time...
mysql: [Warning] Using a password on the command line interface can be insecure.
 Data sample:
2025-11-25 15:56:34	29
2025-11-25 16:00:03	29
2025-11-25 17:00:03	27
  Generating Plot 2: Current vs Feels Like...
mysql: [Warning] Using a password on the command line interface can be insecure.
Generating Plot 3: Humidity & Temp Over Time...
mysql: [Warning] Using a password on the command line interface can be insecure.
  Generating Plot 4: Humidity vs Time...
mysql: [Warning] Using a password on the command line interface can be insecure.
  Generating Plot 5: Temperature Histogram...
mysql: [Warning] Using a password on the command line interface can be insecure.
  Generating Plot 6: Scraping Success...
mysql: [Warning] Using a password on the command line interface can be insecure.
  Generating Plot 7: Daily Temp Range (Lines)...
mysql: [Warning] Using a password on the command line interface can be insecure.
  Generating Plot 8: Data Collection Density ...
mysql: [Warning] Using a password on the command line interface can be insecure.
  Generating Plot 9: High vs Low vs Feels Like...
mysql: [Warning] Using a password on the command line interface can be insecure.
  Generating Plot 10: Weather Classification...
mysql: [Warning] Using a password on the command line interface can be insecure.
[✓] All 10 plots generated in /mnt/c/Users/User/OneDrive/Desktop/dataManagement/sem1Project/weatherAnalysis/plots
[✓] Data files saved in /mnt/c/Users/User/OneDrive/Desktop/dataManagement/sem1Project/weatherAnalysis/data/logs/plot-data-files
[+] Generating 10 weather plots...
Project Root: /mnt/c/Users/User/OneDrive/Desktop/dataManagement/sem1Project/weatherAnalysis
Plots Dir: /mnt/c/Users/User/OneDrive/Desktop/dataManagement/sem1Project/weatherAnalysis/plots
Data Dir: /mnt/c/Users/User/OneDrive/Desktop/dataManagement/sem1Project/weatherAnalysis/data/logs/plot-data-files
  Generating Plot 1: Current Temp vs Time...
mysql: [Warning] Using a password on the command line interface can be insecure.
 Data sample:
2025-11-25 15:56:34	29
2025-11-25 16:00:03	29
2025-11-25 17:00:03	27
  Generating Plot 2: Current vs Feels Like...
mysql: [Warning] Using a password on the command line interface can be insecure.
Generating Plot 3: Humidity & Temp Over Time...
mysql: [Warning] Using a password on the command line interface can be insecure.
  Generating Plot 4: Humidity vs Time...
mysql: [Warning] Using a password on the command line interface can be insecure.
  Generating Plot 5: Temperature Histogram...
mysql: [Warning] Using a password on the command line interface can be insecure.
  Generating Plot 6: Scraping Success...
mysql: [Warning] Using a password on the command line interface can be insecure.
  Generating Plot 7: Daily Temp Range (Lines)...
mysql: [Warning] Using a password on the command line interface can be insecure.
  Generating Plot 8: Data Collection Density ...
mysql: [Warning] Using a password on the command line interface can be insecure.
  Generating Plot 9: High vs Low vs Feels Like...
mysql: [Warning] Using a password on the command line interface can be insecure.
  Generating Plot 10: Weather Classification...
mysql: [Warning] Using a password on the command line interface can be insecure.
[✓] All 10 plots generated in /mnt/c/Users/User/OneDrive/Desktop/dataManagement/sem1Project/weatherAnalysis/plots
[✓] Data files saved in /mnt/c/Users/User/OneDrive/Desktop/dataManagement/sem1Project/weatherAnalysis/data/logs/plot-data-files
